<?xml version="1.0" encoding="UTF-8"?>
<testng-results skipped="0" failed="0" ignored="0" total="1" passed="1">
  <reporter-output>
  </reporter-output>
  <suite name="Default suite" duration-ms="36350" started-at="2019-03-11T17:39:28Z" finished-at="2019-03-11T17:40:04Z">
    <groups>
    </groups>
    <test name="Default test" duration-ms="36350" started-at="2019-03-11T17:39:28Z" finished-at="2019-03-11T17:40:04Z">
      <class name="com.test.scripts.GoogleSearchTest">
        <test-method status="PASS" signature="browserSetUp()[pri:0, instance:com.test.scripts.GoogleSearchTest@7d9d1a19]" name="browserSetUp" is-config="true" duration-ms="9196" started-at="2019-03-11T23:09:28Z" finished-at="2019-03-11T23:09:37Z">
          <reporter-output>
          </reporter-output>
        </test-method> <!-- browserSetUp -->
        <test-method status="PASS" signature="googletest()[pri:0, instance:com.test.scripts.GoogleSearchTest@7d9d1a19]" name="googletest" duration-ms="27119" started-at="2019-03-11T23:09:37Z" finished-at="2019-03-11T23:10:04Z">
          <reporter-output>
          </reporter-output>
        </test-method> <!-- googletest -->
        <test-method status="PASS" signature="closeAllBrowser()[pri:0, instance:com.test.scripts.GoogleSearchTest@7d9d1a19]" name="closeAllBrowser" is-config="true" duration-ms="1629" started-at="2019-03-11T23:10:04Z" finished-at="2019-03-11T23:10:06Z">
          <reporter-output>
          </reporter-output>
        </test-method> <!-- closeAllBrowser -->
      </class> <!-- com.test.scripts.GoogleSearchTest -->
    </test> <!-- Default test -->
  </suite> <!-- Default suite -->
</testng-results>
